<?xml version="1.0" encoding="UTF-8" ?>
<testsuite failures="0" time="44.402" errors="0" skipped="0" tests="6" name="POCTest.CucumberIT">
  <properties>
[...]
</properties>
  <testcase time="0" classname="Given The User has successfully navigated to Tesco Direct    " name="Given The User has successfully navigated to Tesco Direct    "/>
  <testcase time="0" classname="When They Click on the offers button     " name="When They Click on the offers button     "/>
  <testcase time="0" classname="Then the Clearance Link      " name="Then the Clearance Link      "/>
  <testcase time="0" classname="Then I Expect To See the message Hurry when it\&apos;s gone it\&apos;s gone       " name="Then I Expect To See the message Hurry when it\&apos;s gone it\&apos;s gone       "/>
  <testcase time="0" classname="Scenario: Navigate to Clearance Offers   " name="Scenario: Navigate to Clearance Offers   "/>
  <testcase time="0" classname="Scenario: Navigate to Clearance Offers        " name="Scenario: Navigate to Clearance Offers        "/>
</testsuite>